Log opened.

--- Render Init ---
Pixel format: need 32,24,0, using 32,24,0
Creating context...
Loading WGL extensions...
using WGL_EXT_swap_control
GL_MAX_TEXTURE_SIZE: 32768
Loading OpenGL extensions...
using GL_EXT_texture_compression_s3tc
using GL_ARB_texture_non_power_of_two
Loading resources...
Renderer initialised in 478 msec.

Loading main script...
Loading passive tree data for version '3.23'...
Loading passive tree assets...
Processing tree...
'Reanimator' missing skill 'ExperimenterEnrageDemon'
'Oak's Devoted' missing skill 'EASBanditTaunt'
'Sentinel of Radiance' missing skill 'TeleportVaalDomination'
'Baranite Sister' missing skill 'WalkEmergeAtlasInfluenceMonster'
'Imperfect Eldritch Eye' missing skill 'GSAzmeriTentacleMonsterChannel'
'Imperfect Eldritch Eye' missing skill 'ABTTAzmeriTentacleMinionStormBarrier'
'Judgemental Spirit' missing skill 'AzmeriGoddessSummonSkeletonGhostflame'
'Ashblessed Warden' missing skill 'DoLiterallyNothing'
'Ashblessed Warden' missing skill 'WalkEmergeHeistRobotElevator'
'Ashblessed Warden' missing skill 'EASHeistRobotPyreBeamSweep'
'Ashblessed Warden' missing skill 'ChangeToStance1Heist'
'Imperfect Shadow Berserker' missing skill 'EmptyActionAttackAfflictionMinionTripleSlam'
'Baranite Thaumaturge' missing skill 'EmptyActionSpellCrusaderMageguard'
'Baranite Thaumaturge' missing skill 'AtlasCrusaderMageguardSpawnBombSpectre'
'Escaped Prototype' missing skill 'MDHeistRobotHoundLaserTarget'
'They of Tul' missing skill 'SummonBreachIceTotem'
'Primal Demiurge' missing skill 'AzmeriTeleportPhantasm'
'Merveil's Chosen' missing skill 'SeawitchTemporalChains'
'Merveil's Chosen' missing skill 'SummonSpawn'
'Merveil's Chosen' missing skill 'SeawitchWaveGeometrySpell'
'Death Bishop' missing skill 'NecromancerReviveSkeleton'
'Shadow Construct' missing skill 'AzmeriOversoulRocks'
'Shadow Construct' missing skill 'AzmeriOversoulSpray'
'Shadow Construct' missing skill 'AzmeriOversoulLaser'
'Imperfect Shadow Construct' missing skill 'AzmeriOversoulExplosion'
'Riftcaster' missing skill 'WalkEmergeHeistScience'
'Riftcaster' missing skill 'HeistScienceSpawnLightningVolatile'
'Riftcaster' missing skill 'GTHeistCultistLightningBoltCone'
'Riftcaster' missing skill 'HeistScienceSpawnLightningWaterfall'
'Riftcaster' missing skill 'GTHeistCultistWaterfallCascade'
'Riftcaster' missing skill 'EASHeistMindControlSuicide'
'Riftcaster' missing skill 'TeleportHeistCultistProject'
'Diabolist' missing skill 'AddBuffToTargetNecromancer'
'Bramble Cobra' missing skill 'SnakeProjectile'
'Ancient Suffering' missing skill 'DelveWraithScreechChaosGeometrySpell'
'Pale Seraphim' missing skill 'EAAHellscapeStabbyStab'
'Pale Seraphim' missing skill 'DTTHellscapeStabbySkyStab'
'Pale Seraphim' missing skill 'GAHellscapeStabbyCleave2'
'Pale Seraphim' missing skill 'GAHellscapeStabbyCleave3'
'Pale Seraphim' missing skill 'GAHellscapeStabbyCleaveStab'
'Pale Seraphim' missing skill 'GAHellscapeStabWeb'
'Imperfect Blasphemer' missing skill 'AzmeriWanderingEnfeebleGeofri'
'Imperfect Blasphemer' missing skill 'AzmeriWanderingVulnerabilityGeofri'
'Imperfect Blasphemer' missing skill 'AzmeriWanderingTemporalChainsGeofri'
'Primal Rhex Matriarch' missing skill 'EAAHarvestRhexDashSlash'
'Primal Rhex Matriarch' missing skill 'EASHarvestRhexScreech'
'Primal Rhex Matriarch' missing skill 'EASHarvestEmerge'
'Perfect Hulking Miscreation' missing skill 'EGAzmeriRobotArgusOverchargeBuff'
'Perfect Hulking Miscreation' missing skill 'EGAzmeriRobotArgusActivationWave'
'Perfect Hulking Miscreation' missing skill 'SSMAzmeriRobotArgusItsRainingMannequins'
'Perfect Hulking Miscreation' missing skill 'ABTTAzmeriRobotArgusPhysAsExtraLightning'
'Primal Crushclaw' missing skill 'HarvestCrabDashSlam'
'Tukohama's Vanguard' missing skill 'KaomFireBeamTotem'
'Shocking Skitterbot' missing skill 'SkitterbotDetonateMines'
'Imperfect Warlord' missing skill 'AzmeriOakImmortalCall'
'Imperfect Warlord' missing skill 'AzmeriOakEnduringCry'
'Blackguard Mage' missing skill 'AxisCasterSpark'
'Blackguard Mage' missing skill 'AxisClaimSoldierMinions'
'Carnage Chieftain' missing skill 'BloodChieftainSummonMonkeys'
'Carnage Chieftain' missing skill 'MonkeyThrow'
'Carnage Chieftain' missing skill 'TriggeredMonkeyBomb'
'Summoned Skeleton' missing skill 'MonsterQuickDodgeRunUnarmed'
'Artless Assassin' missing skill 'EAAHeistThugRangedExplosiveArrowBarrage'
'Artless Assassin' missing skill 'WalkEmergeHeistThug'
'Artless Assassin' missing skill 'EAAHeistThugRangedExplosiveArrowBarrageChokepoint'
'Imperfect Primal Thunderbird' missing skill 'AzmeriRavenScreechOfSplendour'
'Imperfect Primal Thunderbird' missing skill 'AzmeriRavenDashOfDestruction'
'Imperfect Primal Thunderbird' missing skill 'AzmeriBirdDashGT1'
'Imperfect Primal Thunderbird' missing skill 'AzmeriBirdDashGT2'
'Imperfect Primal Thunderbird' missing skill 'AzmeriBirdScreech'
'Imperfect Naval Officer' missing skill 'AzmeriAdmiralDoubleStrike'
'Imperfect Naval Officer' missing skill 'AzmeriAdmiralDashThrust'
'Imperfect Naval Officer' missing skill 'AzmeriAdmiralDodgeBack'
'Imperfect Naval Officer' missing skill 'AzmeriAdmiralDodgeLeft'
'Imperfect Naval Officer' missing skill 'AzmeriAdmiralDodgeRight'
'Imperfect Naval Officer' missing skill 'AzmeriAdmiralSummonGeysers'
'Imperfect Naval Officer' missing skill 'AzmeriAdmiralSpawnGeyser'
'Imperfect Naval Officer' missing skill 'GTAzmeriAdmiralCannonFire'
'Serpent Warrior' missing skill 'AzmeriBasiliskDecapitateLeftToRight'
'Serpent Warrior' missing skill 'AzmeriBasiliskDualProjectile2'
'Serpent Warrior' missing skill 'EmptyActionAttackBasiliskProjectileBarrageAzmeri'
'Serpent Warrior' missing skill 'EmptyActionAttackBasiliskProjectileBarrageLargeAzmeri'
'Serpent Warrior' missing skill 'EmptyActionAttackBasiliskProjectileLargeAzmeri'
'Serpent Warrior' missing skill 'EmptyActionAttackBasiliskWyvernAzmeri'
'Serpent Warrior' missing skill 'EmptyActionAttackBasiliskDecapitateAzmeri'
'Serpent Warrior' missing skill 'EmptyActionAttackBasiliskSpinAttackAzmeri'
'Risen Vaal Advocate' missing skill 'DelayedLightningSpark'
'Risen Vaal Advocate' missing skill 'SummonedSparkDaemonLightning'
'Arena Master' missing skill 'AtlasWarlordCascadeSlam'
'Arena Master' missing skill 'EmptyActionAttackWarlordGrandmaster'
'Arena Master' missing skill 'AtlasExilesWarlordEnrageSpectre'
'Holy Relic' missing skill 'RelicTeleport'
'Host Chieftain' missing skill 'BloodChieftainSummonParasiteMonkeys'
'Slave Driver' missing skill 'SlaverTaunt'
'Alira's Deadeye' missing skill 'EASBanditTauntBow'
'Stygian Revenant' missing skill 'RevenantReviveUndead'
'Stygian Revenant' missing skill 'RevenantSpellProjectile'
'Imperfect Blood Demon' missing skill 'DTTAzmeriDemonLeap'
'Imperfect Blood Demon' missing skill 'GTAzmeriDemonTeethShot'
'Imperfect Blood Demon' missing skill 'GAAzmeriDemonMeleeMiniSlam2'
'Imperfect Blood Demon' missing skill 'GSAzmeriDemonKnockback'
'Imperfect Blood Demon' missing skill 'AzmeriDemonVomitSpraySmall'
'Imperfect Blood Demon' missing skill 'AzmeriDemonVomitSprayMedium'
'Imperfect Blood Demon' missing skill 'AzmeriDemonVomitSprayLarge'
'Syndicate Operative' missing skill 'WalkEmergeBetrayal'
'Syndicate Operative' missing skill 'BetrayalSecretPoliceCurveDagger2'
'Syndicate Operative' missing skill 'BetrayalSecretPoliceCurveDagger3'
'Merveil's Attendant' missing skill 'SSMSeawitchSpawnKamikaze'
'Flesh Sculptor' missing skill 'MonsterDetonateDeadExperimenter'
'Cannibal Fire-eater' missing skill 'GTCannibalFlameBreathe'
'Sparking Mage' missing skill 'SkeletonProjectileLightning'
'Pocked Lanternbearer' missing skill 'MinerThrowFire'
'Solaris Champion' missing skill 'SummonFlamingAnimatedWeapons'
'Solaris Champion' missing skill 'DoubleStrikeMeleeAtAnimationSpeed'
'Spectral Scoundrel' missing skill 'GhostPirateBladeVortex'
'Summoned Phantasm' missing skill 'SummonPhantasmFadingProjectile2'
'Slashed Miscreation' missing skill 'DemonModularBladeVortex'
'Sentinel of Purity' missing skill 'ChampionTeleport'
'Whipping Miscreation' missing skill 'MeleeDemonFemale'
'Ancient Construct' missing skill 'MonsterWaitVeryShort'
'Ascended Sentinel of Dominance' missing skill 'GAVaalDominationTeleportSlam'
'Ascended Sentinel of Dominance' missing skill 'VaalDominationSunderMelee'
'Perfect Forest Tiger' missing skill 'EmptyActionSpellAzmeriTigerComboAttack'
'Perfect Forest Tiger' missing skill 'AzermiTigerGeometryAttackFront'
'Risen Vaal Advocate' missing skill 'IncursionSummonPhantasms'
'Imperfect Sanguimancer Demon' missing skill 'GTAzmeriShepherdVomit'
'Imperfect Dark Reaper' missing skill 'GAAzmeriReaperComboLeftSlash'
'Imperfect Dark Reaper' missing skill 'GAAzmeriReaperDash'
'Imperfect Dark Reaper' missing skill 'GAAzmeriReaperDashImpactSlash'
'Imperfect Dark Reaper' missing skill 'GAAzmeriReaperCycloneImpact'
'Imperfect Dark Reaper' missing skill 'EAAAzmeriReaperCyclone'
'Imperfect Dark Reaper' missing skill 'EAAAzmeriReaperDualStrike'
'Imperfect Dark Reaper' missing skill 'EAAAzmeriReaperComboAttack'
'Imperfect Dark Reaper' missing skill 'DTTAzmeriReaper'
'Imperfect Druidic Alchemist' missing skill 'MPSAncestralDruidFlask'
'Imperfect Druidic Alchemist' missing skill 'EASAncestralHealTotem'
'Imperfect Druidic Alchemist' missing skill 'EASAncestralHealAlly'
'Imperfect Druidic Alchemist' missing skill 'GSAncestralDruidTotemChannelHeal'
'Demon Harpy' missing skill 'DTTHellscapeDemonElite1'
'Demon Harpy' missing skill 'EASHellscapeDemonElite1Screech'
'Bearded Devil' missing skill 'GoatmanLeapSlam'
'Bearded Devil' missing skill 'GAGoatmanLeapSlamDamage'
'Bearded Devil' missing skill 'GoatmanWait'
'Bearded Devil' missing skill 'GoatmanWait2'
'Templar Tactician' missing skill 'GeometryTriggerLegionTemplarCasterStormCall'
'Cursed Mariner' missing skill 'MonsterFlickerStrikeExtraRange'
'Demon Herder' missing skill 'GTHellscapeDemonEliteVomit'
'Burned Miscreation' missing skill 'MonsterRighteousFire'
'Burned Miscreation' missing skill 'ModularDemonFireSuicideExplosion'
'Snow Rhex' missing skill 'AtlasEyrieBirdBreathNoEffects'
'Shaggy Monstrosity' missing skill 'GroundSlamBeast'
'Wicker Man' missing skill 'WickerManRighteousFire'
'Reaper' missing skill 'ReaperConsumeMinionForHeal'
'Reaper' missing skill 'SummonedReaperDash'
'Reaper' missing skill 'GASummonReaperUltimateRightSlash'
'Reaper' missing skill 'EAASummonedReaperComboAttack'
'Reaper' missing skill 'GASummonReaperComboRightSlash'
'Reaper' missing skill 'GASummonReaperDashImpactSlash'
'Reaper' missing skill 'GASummonReaperDash'
'Blackguard Arcmage' missing skill 'AxisCasterArc'
'Scinteel Synthete' missing skill 'EmptyActionSynthesisSoulstealerArc'
'Scinteel Synthete' missing skill 'GeometryTriggerSynthesisSoulstealer3'
'Flickershade' missing skill 'SecretDesecrateMonsterTeleport'
'Perfect Restless Knight' missing skill 'WalkEmergeExpeditionDeathKnight'
'Tentacle Miscreation' missing skill 'DemonFemaleRangedGeometryProjectileLeft'
'Tentacle Miscreation' missing skill 'DemonFemaleRangedGeometryProjectileRight'
'Tentacle Miscreation' missing skill 'EmptyActionFemaleDemonProjectiles'
'Tentacle Miscreation' missing skill 'DemonFemaleRangedGeometryProjectileLeftAhead'
'Tentacle Miscreation' missing skill 'DemonFemaleRangedGeometryProjectileRightAhead'
'Tentacle Miscreation' missing skill 'EmptyActionFemaleDemonProjectilesAhead'
'Brittle Bleeder' missing skill 'ChangeToStance1'
'Brittle Bleeder' missing skill 'ChangeToStance2'
'Redemption Knight' missing skill 'AtlasEyrieFighterSlash'
'Redemption Knight' missing skill 'EmptyActionAttackEyrieFighter'
'Pain Artist' missing skill 'ABTTAzmeriCasterDemonCritMultiAura'
'Imperfect Half-remembered Goliath' missing skill 'GeometryAttackAzmeriGolemCircle'
'Imperfect Half-remembered Goliath' missing skill 'GeometryAttackAzmeriGolemRectangleLeft'
'Imperfect Half-remembered Goliath' missing skill 'GeometryAttackAzmeriGolemRectangleRight'
'Imperfect Half-remembered Goliath' missing skill 'GeometryTriggerSkillAzmeriGolemRectangleLeft'
'Imperfect Half-remembered Goliath' missing skill 'GeometryTriggerSkillAzmeriGolemRectangleRight'
'Imperfect Half-remembered Goliath' missing skill 'SpawnObjectAzmeriGolemVTurretLeft'
'Imperfect Half-remembered Goliath' missing skill 'SpawnObjectAzmeriGolemVTurretRight'
'Imperfect Half-remembered Goliath' missing skill 'EmptyActionAzmeriGuardian4Gun'
'Imperfect Half-remembered Goliath' missing skill 'AzmeriGuardian4LeapUp'
'Imperfect Half-remembered Goliath' missing skill 'EmptyActionAzmeriGolemMinionPhase'
'Imperfect Half-remembered Goliath' missing skill 'AzmeriGolemBossWhipRight'
'Imperfect Half-remembered Goliath' missing skill 'EmptyActionAzmeriGolemWhip'
'Imperfect Half-remembered Goliath' missing skill 'AzmeriBossShockRifleMulti'
'Imperfect Half-remembered Goliath' missing skill 'AzmeriBossShockRifleRotating'
'Incinerated Mage' missing skill 'SkeletonProjectileFire'
'Ascended Sentinel of Absolution' missing skill 'GTVaalAbsolutionLarge'
'Ascended Sentinel of Absolution' missing skill 'GSVaalAbsolutionEmerge'
'Goatman Fire-raiser' missing skill 'EASGoatmanShamanTaunt'
'Chrome-infused Chimeral' missing skill 'IguanaDoomArrow'
'Flame Sentinel' missing skill 'MonsterMultiFireball'
'Flame Sentinel' missing skill 'MonsterSplitFireball'
'Flame Sentinel' missing skill 'MonsterLesserMultiFireball'
'Lunarsworn Wintermage' missing skill 'MonsterColdThorns'
'Perfect Guardian Turtle' missing skill 'AzmeriTurtleDeterminationHardMode'
'Kraityn's Sentry' missing skill 'BanditExplosiveArrowChampion'
'Kraityn's Sentry' missing skill 'BanditChampionBlastRain'
'Trial Windchaser' missing skill 'EAAVaalGuardBarrage'
'Perfect Primal Thunderbird' missing skill 'AzmeriBirdGraceHardMode'
'Carrion Queen' missing skill 'InsectSpawnerSpawn'
'Pale Angel' missing skill 'TBHellscapePaleLightningBoltSpammableRight'
'Pale Angel' missing skill 'TeleportHellscapePaleElite'
'Pale Angel' missing skill 'TeleportHellscapePaleEliteForwards'
'Pale Angel' missing skill 'TeleportHellscapePaleEliteToAlly'
'Perfect Blasphemer' missing skill 'AzmeriWanderingEnfeebleGeofriHexproof'
'Perfect Blasphemer' missing skill 'AzmeriWanderingVulnerabilityGeofriHexproof'
'Perfect Blasphemer' missing skill 'AzmeriWanderingTemporalChainsGeofriHexproof'
'Aurid Synthete' missing skill 'SynthesisSoulstealerDrones'
'Aurid Synthete' missing skill 'EmptyActionSynthesisEnrageDrones'
'Aurid Synthete' missing skill 'SynthesisSoulstealerDroneEnrage'
'Aurid Synthete' missing skill 'GeometrySpellSynthesisPhysical'
'Aurid Synthete' missing skill 'SynthesisSoulstealerBombDetonate'
'Aurid Synthete' missing skill 'SynthesisSoulstealerDronesOnSelf'
'Aurid Synthete' missing skill 'SynthesisQuicksandStartEffect'
'Redemption Sentry' missing skill 'AtlasEyrieArcherSnipeTrickshot'
'Redemption Sentry' missing skill 'EmptyActionAttackEyrieArcherTrickshot'
'Redemption Sentry' missing skill 'AtlasEyrieArcherGeometryProjectiles'
'Redemption Sentry' missing skill 'AtlasExileEyrieArcherSpawnCrystal'
'Hairy Bonecruncher' missing skill 'BeastEnduringCry'
'Undying Evangelist' missing skill 'DelayedBlast'
'Frost Harbinger' missing skill 'SkeletonProjectileCold'
Startup time: 136943 ms
Uniques loaded
Rares loaded

--- Render Shutdown ---
Unloading resources...
Deleting context...
Renderer shutdown complete.
Saving SimpleGraphic/SimpleGraphic.cfg
